Traceback (most recent call last):
  File "server.py", line 109, in <module>
    site = server.Site(hatena.Setup())
  File "C:\Users\purpe\Desktop\hatena-server-master\hatena.py", line 198, in Setup
    root = Root()
  File "C:\Users\purpe\Desktop\hatena-server-master\hatena.py", line 50, in __init__
    self.dsResource = ds()
  File "C:\Users\purpe\Desktop\hatena-server-master\hatena.py", line 81, in __init__
    self.region = UgoRoot()
  File "C:\Users\purpe\Desktop\hatena-server-master\hatena.py", line 97, in __init__
    LoadHatenadirStructure(self)
  File "C:\Users\purpe\Desktop\hatena-server-master\hatena.py", line 174, in LoadHatenadirStructure
    Resource.putChild(filename[:-3], UGOXMLResource(os.path.join(path, filename)))
  File "C:\Users\purpe\Desktop\hatena-server-master\hatena.py", line 147, in __init__
    self.ugofile = UGO().ReadXML(filepath, False)
  File "C:\Users\purpe\Desktop\hatena-server-master\Hatenatools\UGO.py", line 387, in ReadXML
    ugo_xml = ET.parse(xmlfile).getroot()
  File "C:\Python27\lib\xml\etree\ElementTree.py", line 1182, in parse
    tree.parse(source, parser)
  File "C:\Python27\lib\xml\etree\ElementTree.py", line 656, in parse
    parser.feed(data)
  File "C:\Python27\lib\xml\etree\ElementTree.py", line 1659, in feed
    self._raiseerror(v)
  File "C:\Python27\lib\xml\etree\ElementTree.py", line 1523, in _raiseerror
    raise err
xml.etree.ElementTree.ParseError: not well-formed (invalid token): line 38, column 12
Traceback (most recent call last):
  File "server.py", line 109, in <module>
    site = server.Site(hatena.Setup())
  File "C:\Users\purpe\Desktop\hatena-server-master\hatena.py", line 198, in Setup
    root = Root()
  File "C:\Users\purpe\Desktop\hatena-server-master\hatena.py", line 50, in __init__
    self.dsResource = ds()
  File "C:\Users\purpe\Desktop\hatena-server-master\hatena.py", line 81, in __init__
    self.region = UgoRoot()
  File "C:\Users\purpe\Desktop\hatena-server-master\hatena.py", line 97, in __init__
    LoadHatenadirStructure(self)
  File "C:\Users\purpe\Desktop\hatena-server-master\hatena.py", line 174, in LoadHatenadirStructure
    Resource.putChild(filename[:-3], UGOXMLResource(os.path.join(path, filename)))
  File "C:\Users\purpe\Desktop\hatena-server-master\hatena.py", line 147, in __init__
    self.ugofile = UGO().ReadXML(filepath, False)
  File "C:\Users\purpe\Desktop\hatena-server-master\Hatenatools\UGO.py", line 387, in ReadXML
    ugo_xml = ET.parse(xmlfile).getroot()
  File "C:\Python27\lib\xml\etree\ElementTree.py", line 1182, in parse
    tree.parse(source, parser)
  File "C:\Python27\lib\xml\etree\ElementTree.py", line 656, in parse
    parser.feed(data)
  File "C:\Python27\lib\xml\etree\ElementTree.py", line 1659, in feed
    self._raiseerror(v)
  File "C:\Python27\lib\xml\etree\ElementTree.py", line 1523, in _raiseerror
    raise err
xml.etree.ElementTree.ParseError: not well-formed (invalid token): line 38, column 12
Traceback (most recent call last):
  File "server.py", line 109, in <module>
    site = server.Site(hatena.Setup())
  File "C:\Users\purpe\Desktop\hatena-server-master\hatena.py", line 198, in Setup
    root = Root()
  File "C:\Users\purpe\Desktop\hatena-server-master\hatena.py", line 50, in __init__
    self.dsResource = ds()
  File "C:\Users\purpe\Desktop\hatena-server-master\hatena.py", line 81, in __init__
    self.region = UgoRoot()
  File "C:\Users\purpe\Desktop\hatena-server-master\hatena.py", line 97, in __init__
    LoadHatenadirStructure(self)
  File "C:\Users\purpe\Desktop\hatena-server-master\hatena.py", line 174, in LoadHatenadirStructure
    Resource.putChild(filename[:-3], UGOXMLResource(os.path.join(path, filename)))
  File "C:\Users\purpe\Desktop\hatena-server-master\hatena.py", line 147, in __init__
    self.ugofile = UGO().ReadXML(filepath, False)
  File "C:\Users\purpe\Desktop\hatena-server-master\Hatenatools\UGO.py", line 387, in ReadXML
    ugo_xml = ET.parse(xmlfile).getroot()
  File "C:\Python27\lib\xml\etree\ElementTree.py", line 1182, in parse
    tree.parse(source, parser)
  File "C:\Python27\lib\xml\etree\ElementTree.py", line 656, in parse
    parser.feed(data)
  File "C:\Python27\lib\xml\etree\ElementTree.py", line 1659, in feed
    self._raiseerror(v)
  File "C:\Python27\lib\xml\etree\ElementTree.py", line 1523, in _raiseerror
    raise err
xml.etree.ElementTree.ParseError: not well-formed (invalid token): line 38, column 12
Traceback (most recent call last):
  File "server.py", line 109, in <module>
    site = server.Site(hatena.Setup())
  File "C:\Users\purpe\Desktop\hatena-server-master\hatena.py", line 198, in Setup
    root = Root()
  File "C:\Users\purpe\Desktop\hatena-server-master\hatena.py", line 50, in __init__
    self.dsResource = ds()
  File "C:\Users\purpe\Desktop\hatena-server-master\hatena.py", line 81, in __init__
    self.region = UgoRoot()
  File "C:\Users\purpe\Desktop\hatena-server-master\hatena.py", line 97, in __init__
    LoadHatenadirStructure(self)
  File "C:\Users\purpe\Desktop\hatena-server-master\hatena.py", line 174, in LoadHatenadirStructure
    Resource.putChild(filename[:-3], UGOXMLResource(os.path.join(path, filename)))
  File "C:\Users\purpe\Desktop\hatena-server-master\hatena.py", line 147, in __init__
    self.ugofile = UGO().ReadXML(filepath, False)
  File "C:\Users\purpe\Desktop\hatena-server-master\Hatenatools\UGO.py", line 387, in ReadXML
    ugo_xml = ET.parse(xmlfile).getroot()
  File "C:\Python27\lib\xml\etree\ElementTree.py", line 1182, in parse
    tree.parse(source, parser)
  File "C:\Python27\lib\xml\etree\ElementTree.py", line 656, in parse
    parser.feed(data)
  File "C:\Python27\lib\xml\etree\ElementTree.py", line 1659, in feed
    self._raiseerror(v)
  File "C:\Python27\lib\xml\etree\ElementTree.py", line 1523, in _raiseerror
    raise err
xml.etree.ElementTree.ParseError: not well-formed (invalid token): line 38, column 12
Traceback (most recent call last):
  File "server.py", line 109, in <module>
    site = server.Site(hatena.Setup())
  File "C:\Users\purpe\Desktop\hatena-server-master\hatena.py", line 198, in Setup
    root = Root()
  File "C:\Users\purpe\Desktop\hatena-server-master\hatena.py", line 50, in __init__
    self.dsResource = ds()
  File "C:\Users\purpe\Desktop\hatena-server-master\hatena.py", line 81, in __init__
    self.region = UgoRoot()
  File "C:\Users\purpe\Desktop\hatena-server-master\hatena.py", line 97, in __init__
    LoadHatenadirStructure(self)
  File "C:\Users\purpe\Desktop\hatena-server-master\hatena.py", line 174, in LoadHatenadirStructure
    Resource.putChild(filename[:-3], UGOXMLResource(os.path.join(path, filename)))
  File "C:\Users\purpe\Desktop\hatena-server-master\hatena.py", line 147, in __init__
    self.ugofile = UGO().ReadXML(filepath, False)
  File "C:\Users\purpe\Desktop\hatena-server-master\Hatenatools\UGO.py", line 387, in ReadXML
    ugo_xml = ET.parse(xmlfile).getroot()
  File "C:\Python27\lib\xml\etree\ElementTree.py", line 1182, in parse
    tree.parse(source, parser)
  File "C:\Python27\lib\xml\etree\ElementTree.py", line 656, in parse
    parser.feed(data)
  File "C:\Python27\lib\xml\etree\ElementTree.py", line 1659, in feed
    self._raiseerror(v)
  File "C:\Python27\lib\xml\etree\ElementTree.py", line 1523, in _raiseerror
    raise err
xml.etree.ElementTree.ParseError: not well-formed (invalid token): line 38, column 12
